  WindowMain.cpp
D:\Bugor\6sem\ComputerGraphicAlghorithms\projects\WaveFront\WaveFront\WaveFront\CoordSystem.h(19,2): warning C4091: 'typedef ': ignored on left of '_3DMATRIX' when no variable is declared
D:\Bugor\6sem\ComputerGraphicAlghorithms\projects\WaveFront\WaveFront\WaveFront\CoordSystem.h(87,20): warning C4244: 'return': conversion from 'double' to 'float', possible loss of data
D:\Bugor\6sem\ComputerGraphicAlghorithms\projects\WaveFront\WaveFront\WaveFront\WindowMain.cpp(102,14): warning C4244: 'initializing': conversion from 'DWORD' to 'float', possible loss of data
D:\Bugor\6sem\ComputerGraphicAlghorithms\projects\WaveFront\WaveFront\WaveFront\WindowMain.cpp(108,13): warning C4244: 'initializing': conversion from 'DWORD' to 'float', possible loss of data
D:\Bugor\6sem\ComputerGraphicAlghorithms\projects\WaveFront\WaveFront\WaveFront\WindowMain.cpp(204,141): warning C4244: 'argument': conversion from 'float' to 'int', possible loss of data
D:\Bugor\6sem\ComputerGraphicAlghorithms\projects\WaveFront\WaveFront\WaveFront\WindowMain.cpp(204,109): warning C4244: 'argument': conversion from 'float' to 'int', possible loss of data
D:\Bugor\6sem\ComputerGraphicAlghorithms\projects\WaveFront\WaveFront\WaveFront\WindowMain.cpp(204,77): warning C4244: 'argument': conversion from 'float' to 'int', possible loss of data
D:\Bugor\6sem\ComputerGraphicAlghorithms\projects\WaveFront\WaveFront\WaveFront\WindowMain.cpp(204,49): warning C4244: 'argument': conversion from 'float' to 'int', possible loss of data
D:\Bugor\6sem\ComputerGraphicAlghorithms\projects\WaveFront\WaveFront\WaveFront\WindowMain.cpp(205,149): warning C4244: 'argument': conversion from 'float' to 'int', possible loss of data
D:\Bugor\6sem\ComputerGraphicAlghorithms\projects\WaveFront\WaveFront\WaveFront\WindowMain.cpp(205,117): warning C4244: 'argument': conversion from 'float' to 'int', possible loss of data
D:\Bugor\6sem\ComputerGraphicAlghorithms\projects\WaveFront\WaveFront\WaveFront\WindowMain.cpp(205,85): warning C4244: 'argument': conversion from 'float' to 'int', possible loss of data
D:\Bugor\6sem\ComputerGraphicAlghorithms\projects\WaveFront\WaveFront\WaveFront\WindowMain.cpp(205,53): warning C4244: 'argument': conversion from 'float' to 'int', possible loss of data
D:\Bugor\6sem\ComputerGraphicAlghorithms\projects\WaveFront\WaveFront\WaveFront\WindowMain.cpp(206,141): warning C4244: 'argument': conversion from 'float' to 'int', possible loss of data
D:\Bugor\6sem\ComputerGraphicAlghorithms\projects\WaveFront\WaveFront\WaveFront\WindowMain.cpp(206,113): warning C4244: 'argument': conversion from 'float' to 'int', possible loss of data
D:\Bugor\6sem\ComputerGraphicAlghorithms\projects\WaveFront\WaveFront\WaveFront\WindowMain.cpp(206,85): warning C4244: 'argument': conversion from 'float' to 'int', possible loss of data
D:\Bugor\6sem\ComputerGraphicAlghorithms\projects\WaveFront\WaveFront\WaveFront\WindowMain.cpp(206,53): warning C4244: 'argument': conversion from 'float' to 'int', possible loss of data
  Generating code
  5 of 330 functions ( 1.5%) were compiled, the rest were copied from previous compilation.
    1 functions were new in current compilation
    0 functions had inline decision re-evaluated but remain unchanged
  Finished generating code
  WaveFront.vcxproj -> D:\Bugor\6sem\ComputerGraphicAlghorithms\projects\WaveFront\WaveFront\x64\Release\WaveFront.exe
  "pwsh.exe" не является внутренней или внешней
  командой, исполняемой программой или пакетным файлом.
