  CoordSystem.cpp
D:\Bugor\6sem\ComputerGraphicAlghorithms\projects\WaveFront\WaveFront\WaveFront\CoordSystem.h(19,2): warning C4091: 'typedef ': ignored on left of '_3DMATRIX' when no variable is declared
D:\Bugor\6sem\ComputerGraphicAlghorithms\projects\WaveFront\WaveFront\WaveFront\CoordSystem.h(86,20): warning C4244: 'return': conversion from 'double' to 'float', possible loss of data
D:\Bugor\6sem\ComputerGraphicAlghorithms\projects\WaveFront\WaveFront\WaveFront\CoordSystem.cpp(240,18): warning C4244: 'initializing': conversion from 'double' to 'float', possible loss of data
  ObjLoader.cpp
D:\Bugor\6sem\ComputerGraphicAlghorithms\projects\WaveFront\WaveFront\WaveFront\ObjLoader.cpp(81,47): warning C4244: 'argument': conversion from 'float' to '_Ty', possible loss of data
          with
          [
              _Ty=int
          ]
D:\Bugor\6sem\ComputerGraphicAlghorithms\projects\WaveFront\WaveFront\WaveFront\ObjLoader.cpp(100,46): warning C4244: 'argument': conversion from 'float' to '_Ty', possible loss of data
          with
          [
              _Ty=int
          ]
D:\Bugor\6sem\ComputerGraphicAlghorithms\projects\WaveFront\WaveFront\WaveFront\ObjLoader.cpp(119,46): warning C4244: 'argument': conversion from 'float' to '_Ty', possible loss of data
          with
          [
              _Ty=int
          ]
  TestGLM.cpp
  WindowMain.cpp
D:\Bugor\6sem\ComputerGraphicAlghorithms\projects\WaveFront\WaveFront\WaveFront\CoordSystem.h(19,2): warning C4091: 'typedef ': ignored on left of '_3DMATRIX' when no variable is declared
D:\Bugor\6sem\ComputerGraphicAlghorithms\projects\WaveFront\WaveFront\WaveFront\CoordSystem.h(86,20): warning C4244: 'return': conversion from 'double' to 'float', possible loss of data
D:\Bugor\6sem\ComputerGraphicAlghorithms\projects\WaveFront\WaveFront\WaveFront\WindowMain.cpp(120,20): warning C4018: '<': signed/unsigned mismatch
D:\Bugor\6sem\ComputerGraphicAlghorithms\projects\WaveFront\WaveFront\WaveFront\WindowMain.cpp(280,20): warning C4018: '<': signed/unsigned mismatch
D:\Bugor\6sem\ComputerGraphicAlghorithms\projects\WaveFront\WaveFront\WaveFront\WindowMain.cpp(282,141): warning C4244: 'argument': conversion from 'float' to 'int', possible loss of data
D:\Bugor\6sem\ComputerGraphicAlghorithms\projects\WaveFront\WaveFront\WaveFront\WindowMain.cpp(282,109): warning C4244: 'argument': conversion from 'float' to 'int', possible loss of data
D:\Bugor\6sem\ComputerGraphicAlghorithms\projects\WaveFront\WaveFront\WaveFront\WindowMain.cpp(282,77): warning C4244: 'argument': conversion from 'float' to 'int', possible loss of data
D:\Bugor\6sem\ComputerGraphicAlghorithms\projects\WaveFront\WaveFront\WaveFront\WindowMain.cpp(282,49): warning C4244: 'argument': conversion from 'float' to 'int', possible loss of data
D:\Bugor\6sem\ComputerGraphicAlghorithms\projects\WaveFront\WaveFront\WaveFront\WindowMain.cpp(283,149): warning C4244: 'argument': conversion from 'float' to 'int', possible loss of data
D:\Bugor\6sem\ComputerGraphicAlghorithms\projects\WaveFront\WaveFront\WaveFront\WindowMain.cpp(283,117): warning C4244: 'argument': conversion from 'float' to 'int', possible loss of data
D:\Bugor\6sem\ComputerGraphicAlghorithms\projects\WaveFront\WaveFront\WaveFront\WindowMain.cpp(283,85): warning C4244: 'argument': conversion from 'float' to 'int', possible loss of data
D:\Bugor\6sem\ComputerGraphicAlghorithms\projects\WaveFront\WaveFront\WaveFront\WindowMain.cpp(283,53): warning C4244: 'argument': conversion from 'float' to 'int', possible loss of data
D:\Bugor\6sem\ComputerGraphicAlghorithms\projects\WaveFront\WaveFront\WaveFront\WindowMain.cpp(284,141): warning C4244: 'argument': conversion from 'float' to 'int', possible loss of data
D:\Bugor\6sem\ComputerGraphicAlghorithms\projects\WaveFront\WaveFront\WaveFront\WindowMain.cpp(284,113): warning C4244: 'argument': conversion from 'float' to 'int', possible loss of data
D:\Bugor\6sem\ComputerGraphicAlghorithms\projects\WaveFront\WaveFront\WaveFront\WindowMain.cpp(284,85): warning C4244: 'argument': conversion from 'float' to 'int', possible loss of data
D:\Bugor\6sem\ComputerGraphicAlghorithms\projects\WaveFront\WaveFront\WaveFront\WindowMain.cpp(284,53): warning C4244: 'argument': conversion from 'float' to 'int', possible loss of data
  Generating code
  338 of 338 functions (100.0%) were compiled.
    2 functions were new in current compilation
    0 functions had inline decision re-evaluated but remain unchanged
  Finished generating code
  WaveFront.vcxproj -> D:\Bugor\6sem\ComputerGraphicAlghorithms\projects\WaveFront\WaveFront\Release\WaveFront.exe
  "pwsh.exe" не является внутренней или внешней
  командой, исполняемой программой или пакетным файлом.
