  WindowMain.cpp
D:\Bugor\6sem\ComputerGraphicAlghorithms\projects\WaveFront\WaveFront\WaveFront\CoordSystem.h(19,2): warning C4091: 'typedef ': ignored on left of '_3DMATRIX' when no variable is declared
D:\Bugor\6sem\ComputerGraphicAlghorithms\projects\WaveFront\WaveFront\WaveFront\CoordSystem.h(86,20): warning C4244: 'return': conversion from 'double' to 'float', possible loss of data
D:\Bugor\6sem\ComputerGraphicAlghorithms\projects\WaveFront\WaveFront\WaveFront\WindowMain.cpp(121,20): warning C4018: '<': signed/unsigned mismatch
D:\Bugor\6sem\ComputerGraphicAlghorithms\projects\WaveFront\WaveFront\WaveFront\WindowMain.cpp(281,20): warning C4018: '<': signed/unsigned mismatch
D:\Bugor\6sem\ComputerGraphicAlghorithms\projects\WaveFront\WaveFront\WaveFront\WindowMain.cpp(283,141): warning C4244: 'argument': conversion from 'float' to 'int', possible loss of data
D:\Bugor\6sem\ComputerGraphicAlghorithms\projects\WaveFront\WaveFront\WaveFront\WindowMain.cpp(283,109): warning C4244: 'argument': conversion from 'float' to 'int', possible loss of data
D:\Bugor\6sem\ComputerGraphicAlghorithms\projects\WaveFront\WaveFront\WaveFront\WindowMain.cpp(283,77): warning C4244: 'argument': conversion from 'float' to 'int', possible loss of data
D:\Bugor\6sem\ComputerGraphicAlghorithms\projects\WaveFront\WaveFront\WaveFront\WindowMain.cpp(283,49): warning C4244: 'argument': conversion from 'float' to 'int', possible loss of data
D:\Bugor\6sem\ComputerGraphicAlghorithms\projects\WaveFront\WaveFront\WaveFront\WindowMain.cpp(284,149): warning C4244: 'argument': conversion from 'float' to 'int', possible loss of data
D:\Bugor\6sem\ComputerGraphicAlghorithms\projects\WaveFront\WaveFront\WaveFront\WindowMain.cpp(284,117): warning C4244: 'argument': conversion from 'float' to 'int', possible loss of data
D:\Bugor\6sem\ComputerGraphicAlghorithms\projects\WaveFront\WaveFront\WaveFront\WindowMain.cpp(284,85): warning C4244: 'argument': conversion from 'float' to 'int', possible loss of data
D:\Bugor\6sem\ComputerGraphicAlghorithms\projects\WaveFront\WaveFront\WaveFront\WindowMain.cpp(284,53): warning C4244: 'argument': conversion from 'float' to 'int', possible loss of data
D:\Bugor\6sem\ComputerGraphicAlghorithms\projects\WaveFront\WaveFront\WaveFront\WindowMain.cpp(285,141): warning C4244: 'argument': conversion from 'float' to 'int', possible loss of data
D:\Bugor\6sem\ComputerGraphicAlghorithms\projects\WaveFront\WaveFront\WaveFront\WindowMain.cpp(285,113): warning C4244: 'argument': conversion from 'float' to 'int', possible loss of data
D:\Bugor\6sem\ComputerGraphicAlghorithms\projects\WaveFront\WaveFront\WaveFront\WindowMain.cpp(285,85): warning C4244: 'argument': conversion from 'float' to 'int', possible loss of data
D:\Bugor\6sem\ComputerGraphicAlghorithms\projects\WaveFront\WaveFront\WaveFront\WindowMain.cpp(285,53): warning C4244: 'argument': conversion from 'float' to 'int', possible loss of data
  WaveFront.vcxproj -> D:\Bugor\6sem\ComputerGraphicAlghorithms\projects\WaveFront\WaveFront\Debug\WaveFront.exe
  "pwsh.exe" не является внутренней или внешней
  командой, исполняемой программой или пакетным файлом.
