d:\bugor\6sem\computergraphicalghorithms\projects\wavefront\wavefront\wavefront\debug\vc143.pdb
d:\bugor\6sem\computergraphicalghorithms\projects\wavefront\wavefront\wavefront\debug\vc143.idb
d:\bugor\6sem\computergraphicalghorithms\projects\wavefront\wavefront\wavefront\debug\windowmain.obj
d:\bugor\6sem\computergraphicalghorithms\projects\wavefront\wavefront\wavefront\debug\objloader.obj
d:\bugor\6sem\computergraphicalghorithms\projects\wavefront\wavefront\wavefront\debug\coordsystem.obj
d:\bugor\6sem\computergraphicalghorithms\projects\wavefront\wavefront\wavefront\debug\testglm.obj
d:\bugor\6sem\computergraphicalghorithms\projects\wavefront\wavefront\debug\wavefront.exe
d:\bugor\6sem\computergraphicalghorithms\projects\wavefront\wavefront\wavefront\debug\wavefront.ilk
d:\bugor\6sem\computergraphicalghorithms\projects\wavefront\wavefront\debug\wavefront.pdb
d:\bugor\6sem\computergraphicalghorithms\projects\wavefront\wavefront\wavefront\debug\engine.obj
d:\bugor\6sem\computergraphicalghorithms\projects\wavefront\wavefront\wavefront\debug\main.obj
d:\bugor\6sem\computergraphicalghorithms\projects\wavefront\wavefront\wavefront\debug\coordsystem.obj.enc
d:\bugor\6sem\computergraphicalghorithms\projects\wavefront\wavefront\wavefront\debug\windowmain.obj.enc
d:\bugor\6sem\computergraphicalghorithms\projects\wavefront\wavefront\wavefront\debug\wavefront.tlog\cl.command.1.tlog
d:\bugor\6sem\computergraphicalghorithms\projects\wavefront\wavefront\wavefront\debug\wavefront.tlog\cl.items.tlog
d:\bugor\6sem\computergraphicalghorithms\projects\wavefront\wavefront\wavefront\debug\wavefront.tlog\cl.read.1.tlog
d:\bugor\6sem\computergraphicalghorithms\projects\wavefront\wavefront\wavefront\debug\wavefront.tlog\cl.write.1.tlog
d:\bugor\6sem\computergraphicalghorithms\projects\wavefront\wavefront\wavefront\debug\wavefront.tlog\link.command.1.tlog
d:\bugor\6sem\computergraphicalghorithms\projects\wavefront\wavefront\wavefront\debug\wavefront.tlog\link.read.1.tlog
d:\bugor\6sem\computergraphicalghorithms\projects\wavefront\wavefront\wavefront\debug\wavefront.tlog\link.write.1.tlog
